{"Fork":{"timestamp":873954015,"parent_pid":310317,"child_pid":310331,"parent_pgid":310316}}
{"Exec":{"timestamp":874035274,"pid":310331,"ppid":310317,"pgid":310331,"cmdline":null}}
{"ExecArgs":{"timestamp":874035274,"pid":310331,"args":"/usr/bin/env bash ./demo_script.sh"}}
{"ExecArgs":{"timestamp":874035274,"pid":310331,"args":"./demo_script.sh"}}
{"Exec":{"timestamp":874956503,"pid":310331,"ppid":310317,"pgid":310331,"cmdline":null}}
{"ExecArgs":{"timestamp":874956503,"pid":310331,"args":"/usr/bin/env bash ./demo_script.sh"}}
{"ExecArgs":{"timestamp":874956503,"pid":310331,"args":"bash ./demo_script.sh"}}
{"Exec":{"timestamp":875003862,"pid":310331,"ppid":310317,"pgid":310331,"cmdline":null}}
{"ExecArgs":{"timestamp":875003862,"pid":310331,"args":"/usr/bin/env bash ./demo_script.sh"}}
{"ExecArgs":{"timestamp":875003862,"pid":310331,"args":"bash ./demo_script.sh"}}
{"Exec":{"timestamp":875044012,"pid":310331,"ppid":310317,"pgid":310331,"cmdline":null}}
{"ExecArgs":{"timestamp":875044012,"pid":310331,"args":""}}
{"ExecArgs":{"timestamp":875044012,"pid":310331,"args":"bash ./demo_script.sh"}}
{"Exec":{"timestamp":875091271,"pid":310331,"ppid":310317,"pgid":310331,"cmdline":null}}
{"ExecArgs":{"timestamp":875091271,"pid":310331,"args":"bash ./demo_script.sh"}}
{"ExecArgs":{"timestamp":875091271,"pid":310331,"args":"bash ./demo_script.sh"}}
{"Exec":{"timestamp":875124591,"pid":310331,"ppid":310317,"pgid":310331,"cmdline":null}}
{"ExecArgs":{"timestamp":875124591,"pid":310331,"args":"bash ./demo_script.sh"}}
{"ExecArgs":{"timestamp":875124591,"pid":310331,"args":"bash ./demo_script.sh"}}
{"Exec":{"timestamp":875157811,"pid":310331,"ppid":310317,"pgid":310331,"cmdline":null}}
{"ExecArgs":{"timestamp":875157811,"pid":310331,"args":"bash ./demo_script.sh"}}
{"ExecArgs":{"timestamp":875157811,"pid":310331,"args":"bash ./demo_script.sh"}}
{"Exec":{"timestamp":875201260,"pid":310331,"ppid":310317,"pgid":310331,"cmdline":null}}
{"ExecArgs":{"timestamp":875201260,"pid":310331,"args":"bash ./demo_script.sh"}}
{"ExecArgs":{"timestamp":875201260,"pid":310331,"args":"bash ./demo_script.sh"}}
{"Exec":{"timestamp":875234910,"pid":310331,"ppid":310317,"pgid":310331,"cmdline":null}}
{"ExecArgs":{"timestamp":875234910,"pid":310331,"args":"bash ./demo_script.sh"}}
{"ExecArgs":{"timestamp":875234910,"pid":310331,"args":"bash ./demo_script.sh"}}
{"Fork":{"timestamp":876939479,"parent_pid":310331,"child_pid":310332,"parent_pgid":310317}}
{"Exit":{"timestamp":877333344,"pid":310332,"ppid":310331,"pgid":310332}}
{"Fork":{"timestamp":877484632,"parent_pid":310331,"child_pid":310333,"parent_pgid":310317}}
{"Exec":{"timestamp":877648910,"pid":310333,"ppid":310331,"pgid":310333,"cmdline":null}}
{"ExecArgs":{"timestamp":877648910,"pid":310333,"args":""}}
{"ExecArgs":{"timestamp":877648910,"pid":310333,"args":"sleep 0.25"}}
{"Exit":{"timestamp":1129140140,"pid":310333,"ppid":310331,"pgid":310333}}
{"Fork":{"timestamp":1129323178,"parent_pid":310331,"child_pid":310334,"parent_pgid":310317}}
{"Exec":{"timestamp":1129719123,"pid":310334,"ppid":310331,"pgid":310334,"cmdline":null}}
{"ExecArgs":{"timestamp":1129719123,"pid":310334,"args":""}}
{"ExecArgs":{"timestamp":1129719123,"pid":310334,"args":"curl -s -X GET example.com -o /dev/null -w %{http_code}"}}
{"Exit":{"timestamp":1202277476,"pid":310334,"ppid":310331,"pgid":310334}}
{"Fork":{"timestamp":1202373895,"parent_pid":310331,"child_pid":310336,"parent_pgid":310317}}
{"Exit":{"timestamp":1202719051,"pid":310336,"ppid":310331,"pgid":310336}}
{"Exit":{"timestamp":1202872439,"pid":310331,"ppid":310317,"pgid":310331}}
