EXEC: ts=874035274,pid=310331,ppid=310317,pgid=310331
EXEC_ARGS: ts=874035274,pid=310331,/usr/bin/env bash ./demo_script.sh
EXEC_ARGS: ts=874035274,pid=310331,./demo_script.sh
FORK: ts=873954015,parent_pid=310317,child_pid=310331,parent_pgid=310316
EXEC: ts=874956503,pid=310331,ppid=310317,pgid=310331
EXEC_ARGS: ts=874956503,pid=310331,/usr/bin/env bash ./demo_script.sh
EXEC_ARGS: ts=874956503,pid=310331,bash ./demo_script.sh
EXEC: ts=875003862,pid=310331,ppid=310317,pgid=310331
EXEC_ARGS: ts=875003862,pid=310331,/usr/bin/env bash ./demo_script.sh
EXEC_ARGS: ts=875003862,pid=310331,bash ./demo_script.sh
EXEC: ts=875044012,pid=310331,ppid=310317,pgid=310331
EXEC_ARGS: ts=875044012,pid=310331,
EXEC_ARGS: ts=875044012,pid=310331,bash ./demo_script.sh
EXEC: ts=875091271,pid=310331,ppid=310317,pgid=310331
EXEC_ARGS: ts=875091271,pid=310331,bash ./demo_script.sh
EXEC_ARGS: ts=875091271,pid=310331,bash ./demo_script.sh
EXEC: ts=875124591,pid=310331,ppid=310317,pgid=310331
EXEC_ARGS: ts=875124591,pid=310331,bash ./demo_script.sh
EXEC_ARGS: ts=875124591,pid=310331,bash ./demo_script.sh
EXEC: ts=875157811,pid=310331,ppid=310317,pgid=310331
EXEC_ARGS: ts=875157811,pid=310331,bash ./demo_script.sh
EXEC_ARGS: ts=875157811,pid=310331,bash ./demo_script.sh
EXEC: ts=875201260,pid=310331,ppid=310317,pgid=310331
EXEC_ARGS: ts=875201260,pid=310331,bash ./demo_script.sh
EXEC_ARGS: ts=875201260,pid=310331,bash ./demo_script.sh
EXEC: ts=875234910,pid=310331,ppid=310317,pgid=310331
EXEC_ARGS: ts=875234910,pid=310331,bash ./demo_script.sh
EXEC_ARGS: ts=875234910,pid=310331,bash ./demo_script.sh
FORK: ts=876939479,parent_pid=310331,child_pid=310332,parent_pgid=310317
EXIT: ts=877333344,pid=310332,ppid=310331,pgid=310332
FORK: ts=877484632,parent_pid=310331,child_pid=310333,parent_pgid=310317
EXEC: ts=877648910,pid=310333,ppid=310331,pgid=310333
EXEC_ARGS: ts=877648910,pid=310333,
EXEC_ARGS: ts=877648910,pid=310333,sleep 0.25
EXIT: ts=1129140140,pid=310333,ppid=310331,pgid=310333
FORK: ts=1129323178,parent_pid=310331,child_pid=310334,parent_pgid=310317
EXEC: ts=1129719123,pid=310334,ppid=310331,pgid=310334
EXEC_ARGS: ts=1129719123,pid=310334,
EXEC_ARGS: ts=1129719123,pid=310334,curl -s -X GET example.com -o /dev/null -w %{http_code}
EXIT: ts=1202277476,pid=310334,ppid=310331,pgid=310334
FORK: ts=1202373895,parent_pid=310331,child_pid=310336,parent_pgid=310317
EXIT: ts=1202719051,pid=310336,ppid=310331,pgid=310336
EXIT: ts=1202872439,pid=310331,ppid=310317,pgid=310331
