EXEC: ts=777873759,pid=415790,ppid=415779,pgid=415790
EXEC_ARGS: ts=777873759,pid=415790,flox activate -- sleep 1
EXEC_ARGS: ts=777873759,pid=415790,flox activate -- sleep 1
FORK: ts=777771839,parent_pid=415779,child_pid=415790,parent_pgid=286785
EXEC: ts=778236771,pid=415790,ppid=415779,pgid=415790
EXEC_ARGS: ts=778236771,pid=415790,flox activate -- sleep 1
EXEC_ARGS: ts=778236771,pid=415790,flox activate -- sleep 1
EXEC: ts=821441901,pid=415802,ppid=415790,pgid=415802
EXEC_ARGS: ts=821441901,pid=415802,/nix/store/gbg2xq3si9vf8w9pi3lywf83bs6rz74w-flox-watchdog-1.2.3/bin/flox-watchdog --pid 415790 --logs /home/zmitchell/code/proctrace/.flox/cache/watchdog.415790.log --socket /run/user/1000/flox.5ae6e2f1.sock --hash 5ae6e2f1 --registry /home/zmitchell/.local/share/flox/env-registry.json
EXEC_ARGS: ts=821441901,pid=415802,/nix/store/gbg2xq3si9vf8w9pi3lywf83bs6rz74w-flox-watchdog-1.2.3/bin/flox-watchdog --pid 415790 --logs /home/zmitchell/code/proctrace/.flox/cache/watchdog.415790.log --socket /run/user/1000/flox.5ae6e2f1.sock --hash 5ae6e2f1 --registry /home/zmitchell/.local/share/flox/env-registry.json
FORK: ts=821380607,parent_pid=415790,child_pid=415802,parent_pgid=415779
EXEC: ts=821667200,pid=415790,ppid=415779,pgid=415790
EXEC_ARGS: ts=821667200,pid=415790,/nix/store/lm10ywzflq9qfhr4fl0zqxrhiksf28ks-bash-5.2-p15/bin/bash /home/zmitchell/code/proctrace/.flox/run/aarch64-linux.proctrace/activate -c sleep 1
EXEC_ARGS: ts=821667200,pid=415790,/home/zmitchell/code/proctrace/.flox/run/aarch64-linux.proctrace/activate -c sleep 1
FORK: ts=824291494,parent_pid=415790,child_pid=415803,parent_pgid=415779
EXEC: ts=824646881,pid=415803,ppid=415790,pgid=415803
EXEC_ARGS: ts=824646881,pid=415803,/nix/store/zzmqcgd2vrql9656a2fkwk948r38mgai-coreutils-9.3/bin/dirname -- /home/zmitchell/code/proctrace/.flox/run/aarch64-linux.proctrace/activate
EXEC_ARGS: ts=824646881,pid=415803,/nix/store/zzmqcgd2vrql9656a2fkwk948r38mgai-coreutils-9.3/bin/dirname -- /home/zmitchell/code/proctrace/.flox/run/aarch64-linux.proctrace/activate
EXIT: ts=825310528,pid=415803,ppid=415790,pgid=415803
FORK: ts=825626622,parent_pid=415790,child_pid=415804,parent_pgid=415779
EXEC: ts=825825253,pid=415804,ppid=415790,pgid=415804
EXEC_ARGS: ts=825825253,pid=415804,/nix/store/zzmqcgd2vrql9656a2fkwk948r38mgai-coreutils-9.3/bin/mktemp --suffix=.start-env
EXEC_ARGS: ts=825825253,pid=415804,/nix/store/zzmqcgd2vrql9656a2fkwk948r38mgai-coreutils-9.3/bin/mktemp --suffix=.start-env
EXIT: ts=826342395,pid=415804,ppid=415790,pgid=415804
FORK: ts=826394897,parent_pid=415790,child_pid=415805,parent_pgid=415779
FORK: ts=826473566,parent_pid=415790,child_pid=415806,parent_pgid=415779
EXEC: ts=826693240,pid=415806,ppid=415790,pgid=415806
EXEC_ARGS: ts=826693240,pid=415806,/nix/store/zzmqcgd2vrql9656a2fkwk948r38mgai-coreutils-9.3/bin/sort
EXEC_ARGS: ts=826693240,pid=415806,/nix/store/zzmqcgd2vrql9656a2fkwk948r38mgai-coreutils-9.3/bin/sort
EXIT: ts=826731200,pid=415805,ppid=415790,pgid=415805
EXIT: ts=827611354,pid=415806,ppid=415790,pgid=415806
FORK: ts=827766567,parent_pid=415790,child_pid=415807,parent_pgid=415779
EXIT: ts=828094203,pid=415807,ppid=415790,pgid=415807
FORK: ts=828543968,parent_pid=415790,child_pid=415808,parent_pgid=415779
EXEC: ts=828795643,pid=415808,ppid=415790,pgid=415808
EXEC_ARGS: ts=828795643,pid=415808,/nix/store/zzmqcgd2vrql9656a2fkwk948r38mgai-coreutils-9.3/bin/uname -s
EXEC_ARGS: ts=828795643,pid=415808,/nix/store/zzmqcgd2vrql9656a2fkwk948r38mgai-coreutils-9.3/bin/uname -s
EXIT: ts=829358286,pid=415808,ppid=415790,pgid=415808
FORK: ts=829764133,parent_pid=415790,child_pid=415809,parent_pgid=415779
FORK: ts=830006641,parent_pid=415809,child_pid=415810,parent_pgid=415790
EXEC: ts=830209022,pid=415810,ppid=415809,pgid=415810
EXEC_ARGS: ts=830209022,pid=415810,/nix/store/5bickbj8vq0qc1ask0cbn3qqf94a9p0c-findutils-4.9.0/bin/find /dev -maxdepth 1 -iname nvidia* -o -iname dxg
EXEC_ARGS: ts=830209022,pid=415810,/nix/store/5bickbj8vq0qc1ask0cbn3qqf94a9p0c-findutils-4.9.0/bin/find /dev -maxdepth 1 -iname nvidia* -o -iname dxg
FORK: ts=830184230,parent_pid=415809,child_pid=415811,parent_pgid=415790
EXIT: ts=831762657,pid=415810,ppid=415809,pgid=415810
EXIT: ts=831832326,pid=415811,ppid=415809,pgid=415811
EXIT: ts=831958247,pid=415809,ppid=415790,pgid=415809
FORK: ts=832210005,parent_pid=415790,child_pid=415812,parent_pgid=415779
EXEC: ts=832481555,pid=415812,ppid=415790,pgid=415812
EXEC_ARGS: ts=832481555,pid=415812,/nix/store/zzmqcgd2vrql9656a2fkwk948r38mgai-coreutils-9.3/bin/mktemp --suffix=.415790.end-env
EXEC_ARGS: ts=832481555,pid=415812,/nix/store/zzmqcgd2vrql9656a2fkwk948r38mgai-coreutils-9.3/bin/mktemp --suffix=.415790.end-env
EXIT: ts=833124410,pid=415812,ppid=415790,pgid=415812
FORK: ts=833218580,parent_pid=415790,child_pid=415813,parent_pgid=415779
FORK: ts=833318708,parent_pid=415790,child_pid=415814,parent_pgid=415779
EXEC: ts=833550799,pid=415814,ppid=415790,pgid=415814
EXEC_ARGS: ts=833550799,pid=415814,
EXEC_ARGS: ts=833550799,pid=415814,/nix/store/zzmqcgd2vrql9656a2fkwk948r38mgai-coreutils-9.3/bin/sort
EXIT: ts=833564841,pid=415813,ppid=415790,pgid=415813
EXIT: ts=834319533,pid=415814,ppid=415790,pgid=415814
FORK: ts=834439828,parent_pid=415790,child_pid=415815,parent_pgid=415779
EXEC: ts=834741255,pid=415815,ppid=415790,pgid=415815
EXEC_ARGS: ts=834741255,pid=415815,/nix/store/zzmqcgd2vrql9656a2fkwk948r38mgai-coreutils-9.3/bin/mktemp --suffix=.415790.add-env
EXEC_ARGS: ts=834741255,pid=415815,/nix/store/zzmqcgd2vrql9656a2fkwk948r38mgai-coreutils-9.3/bin/mktemp --suffix=.415790.add-env
EXIT: ts=835307732,pid=415815,ppid=415790,pgid=415815
FORK: ts=835415527,parent_pid=415790,child_pid=415816,parent_pgid=415779
EXEC: ts=835680577,pid=415816,ppid=415790,pgid=415816
EXEC_ARGS: ts=835680577,pid=415816,/nix/store/zzmqcgd2vrql9656a2fkwk948r38mgai-coreutils-9.3/bin/mktemp --suffix=.415790.del-env
EXEC_ARGS: ts=835680577,pid=415816,/nix/store/zzmqcgd2vrql9656a2fkwk948r38mgai-coreutils-9.3/bin/mktemp --suffix=.415790.del-env
EXIT: ts=836414893,pid=415816,ppid=415790,pgid=415816
FORK: ts=836525064,parent_pid=415790,child_pid=415817,parent_pgid=415779
EXEC: ts=836754029,pid=415817,ppid=415790,pgid=415817
EXEC_ARGS: ts=836754029,pid=415817,/nix/store/zzmqcgd2vrql9656a2fkwk948r38mgai-coreutils-9.3/bin/comm -13 /tmp/tmp.KkgEeD4Eo1.start-env /tmp/tmp.UhRETGuQxP.415790.end-env
EXEC_ARGS: ts=836754029,pid=415817,/nix/store/zzmqcgd2vrql9656a2fkwk948r38mgai-coreutils-9.3/bin/comm -13 /tmp/tmp.KkgEeD4Eo1.start-env /tmp/tmp.UhRETGuQxP.415790.end-env
FORK: ts=836701236,parent_pid=415790,child_pid=415818,parent_pgid=415779
EXEC: ts=837028913,pid=415818,ppid=415790,pgid=415818
EXEC_ARGS: ts=837028913,pid=415818,/nix/store/ha241bhagian5dbg9ddi2b6y2m449fh1-gnused-4.9/bin/sed -e s/^declare -x //
EXEC_ARGS: ts=837028913,pid=415818,/nix/store/ha241bhagian5dbg9ddi2b6y2m449fh1-gnused-4.9/bin/sed -e s/^declare -x //
EXIT: ts=837526888,pid=415817,ppid=415790,pgid=415817
EXIT: ts=838494170,pid=415818,ppid=415790,pgid=415818
FORK: ts=838561381,parent_pid=415790,child_pid=415819,parent_pgid=415779
EXEC: ts=838804180,pid=415819,ppid=415790,pgid=415819
EXEC_ARGS: ts=838804180,pid=415819,/nix/store/zzmqcgd2vrql9656a2fkwk948r38mgai-coreutils-9.3/bin/comm -23 /tmp/tmp.KkgEeD4Eo1.start-env /tmp/tmp.UhRETGuQxP.415790.end-env
EXEC_ARGS: ts=838804180,pid=415819,/nix/store/zzmqcgd2vrql9656a2fkwk948r38mgai-coreutils-9.3/bin/comm -23 /tmp/tmp.KkgEeD4Eo1.start-env /tmp/tmp.UhRETGuQxP.415790.end-env
FORK: ts=838756887,parent_pid=415790,child_pid=415820,parent_pgid=415779
EXEC: ts=839004187,pid=415820,ppid=415790,pgid=415820
EXEC_ARGS: ts=839004187,pid=415820,/nix/store/ha241bhagian5dbg9ddi2b6y2m449fh1-gnused-4.9/bin/sed -e s/^declare -x // -e s/=.*//
EXEC_ARGS: ts=839004187,pid=415820,/nix/store/ha241bhagian5dbg9ddi2b6y2m449fh1-gnused-4.9/bin/sed -e s/^declare -x // -e s/=.*//
EXIT: ts=839557872,pid=415819,ppid=415790,pgid=415819
EXIT: ts=840402983,pid=415820,ppid=415790,pgid=415820
FORK: ts=840486527,parent_pid=415790,child_pid=415821,parent_pgid=415779
EXEC: ts=840656866,pid=415821,ppid=415790,pgid=415821
EXEC_ARGS: ts=840656866,pid=415821,/nix/store/zzmqcgd2vrql9656a2fkwk948r38mgai-coreutils-9.3/bin/rm -f /tmp/tmp.KkgEeD4Eo1.start-env /tmp/tmp.UhRETGuQxP.415790.end-env
EXEC_ARGS: ts=840656866,pid=415821,/nix/store/zzmqcgd2vrql9656a2fkwk948r38mgai-coreutils-9.3/bin/rm
EXIT: ts=841396432,pid=415821,ppid=415790,pgid=415821
EXEC: ts=841641399,pid=415790,ppid=415779,pgid=415790
EXEC_ARGS: ts=841641399,pid=415790,
EXEC_ARGS: ts=841641399,pid=415790,/bin/bash --noprofile --rcfile /home/zmitchell/code/proctrace/.flox/run/aarch64-linux.proctrace/activate.d/bash -c sleep 1
EXEC: ts=842538886,pid=415790,ppid=415779,pgid=415790
EXEC_ARGS: ts=842538886,pid=415790,sleep 1
EXEC_ARGS: ts=842538886,pid=415790,sleep 1
EXIT: ts=1844663774,pid=415790,ppid=415779,pgid=415790
EXIT: ts=1856265364,pid=415802,ppid=1,pgid=415802
